# JRE version: OpenJDK Runtime Environment Temurin-17.0.4+8 (17.0.4+8) (build 17.0.4+8)
# Java VM: OpenJDK 64-Bit Server VM Temurin-17.0.4+8 (17.0.4+8, mixed mode, tiered, compressed oops, compressed class ptrs, g1 gc, windows-amd64)
GC Precious Log:
 CPUs: 2 total, 2 available
 Memory: 3935M
 Large Page Support: Disabled
 NUMA Support: Disabled
 Compressed Oops: Enabled (32-bit)
 Heap Region Size: 1M
 Heap Min Capacity: 8M
 Heap Initial Capacity: 62M
 Heap Max Capacity: 984M
 Pre-touch: Disabled
 Parallel Workers: 2
 Concurrent Workers: 1
 Concurrent Refinement Workers: 2
 Periodic GC: Disabled
Heap:
 garbage-first heap   total 34816K, used 12977K [0x00000000c2800000, 0x0000000100000000)
  region size 1024K, 6 young (6144K), 1 survivors (1024K)
 Metaspace       used 27102K, committed 27392K, reserved 1073152K
  class space    used 3073K, committed 3200K, reserved 1048576K
GC Heap History (12 events):
Event: 0.781 GC heap before
{Heap before GC invocations=0 (full 0):
 garbage-first heap   total 63488K, used 5120K [0x00000000c2800000, 0x0000000100000000)
  region size 1024K, 6 young (6144K), 0 survivors (0K)
 Metaspace       used 8097K, committed 8128K, reserved 1056768K
  class space    used 688K, committed 704K, reserved 1048576K
}
Event: 0.788 GC heap after
{Heap after GC invocations=1 (full 0):
 garbage-first heap   total 63488K, used 3573K [0x00000000c2800000, 0x0000000100000000)
  region size 1024K, 1 young (1024K), 1 survivors (1024K)
 Metaspace       used 8097K, committed 8128K, reserved 1056768K
  class space    used 688K, committed 704K, reserved 1048576K
}
Event: 1.053 GC heap before
{Heap before GC invocations=1 (full 0):
 garbage-first heap   total 63488K, used 6645K [0x00000000c2800000, 0x0000000100000000)
  region size 1024K, 4 young (4096K), 1 survivors (1024K)
 Metaspace       used 9583K, committed 9792K, reserved 1064960K
  class space    used 849K, committed 960K, reserved 1048576K
}
Event: 1.057 GC heap after
{Heap after GC invocations=2 (full 0):
 garbage-first heap   total 63488K, used 4087K [0x00000000c2800000, 0x0000000100000000)
  region size 1024K, 1 young (1024K), 1 survivors (1024K)
 Metaspace       used 9583K, committed 9792K, reserved 1064960K
  class space    used 849K, committed 960K, reserved 1048576K
}
Event: 2.052 GC heap before
{Heap before GC invocations=2 (full 0):
 garbage-first heap   total 63488K, used 12279K [0x00000000c2800000, 0x0000000100000000)
  region size 1024K, 9 young (9216K), 1 survivors (1024K)
 Metaspace       used 11973K, committed 12160K, reserved 1064960K
  class space    used 1137K, committed 1216K, reserved 1048576K
}
Event: 2.057 GC heap after
{Heap after GC invocations=3 (full 0):
 garbage-first heap   total 63488K, used 4419K [0x00000000c2800000, 0x0000000100000000)
  region size 1024K, 1 young (1024K), 1 survivors (1024K)
 Metaspace       used 11973K, committed 12160K, reserved 1064960K
  class space    used 1137K, committed 1216K, reserved 1048576K
}
Event: 6.394 GC heap before
{Heap before GC invocations=3 (full 0):
 garbage-first heap   total 63488K, used 38211K [0x00000000c2800000, 0x0000000100000000)
  region size 1024K, 35 young (35840K), 1 survivors (1024K)
 Metaspace       used 21308K, committed 21504K, reserved 1073152K
  class space    used 2274K, committed 2368K, reserved 1048576K
}
Event: 6.420 GC heap after
{Heap after GC invocations=4 (full 0):
 garbage-first heap   total 63488K, used 8200K [0x00000000c2800000, 0x0000000100000000)
  region size 1024K, 5 young (5120K), 5 survivors (5120K)
 Metaspace       used 21308K, committed 21504K, reserved 1073152K
  class space    used 2274K, committed 2368K, reserved 1048576K
}
Event: 23.290 GC heap before
{Heap before GC invocations=5 (full 0):
 garbage-first heap   total 34816K, used 23560K [0x00000000c2800000, 0x0000000100000000)
  region size 1024K, 20 young (20480K), 5 survivors (5120K)
 Metaspace       used 25586K, committed 25920K, reserved 1073152K
  class space    used 2861K, committed 3008K, reserved 1048576K
}
Event: 23.325 GC heap after
{Heap after GC invocations=6 (full 0):
 garbage-first heap   total 34816K, used 9458K [0x00000000c2800000, 0x0000000100000000)
  region size 1024K, 2 young (2048K), 2 survivors (2048K)
 Metaspace       used 25586K, committed 25920K, reserved 1073152K
  class space    used 2861K, committed 3008K, reserved 1048576K
}
Event: 25.041 GC heap before
{Heap before GC invocations=6 (full 0):
 garbage-first heap   total 34816K, used 10482K [0x00000000c2800000, 0x0000000100000000)
  region size 1024K, 3 young (3072K), 2 survivors (2048K)
 Metaspace       used 25858K, committed 26048K, reserved 1073152K
  class space    used 2899K, committed 3008K, reserved 1048576K
}
Event: 25.050 GC heap after
{Heap after GC invocations=7 (full 0):
 garbage-first heap   total 34816K, used 9905K [0x00000000c2800000, 0x0000000100000000)
  region size 1024K, 1 young (1024K), 1 survivors (1024K)
 Metaspace       used 25858K, committed 26048K, reserved 1073152K
  class space    used 2899K, committed 3008K, reserved 1048576K
}

